Jan-11 17:12:01.797 [main] DEBUG nextflow.cli.Launcher - $> /usr/local/apps/bioapps/nextflow/nextflow-0.30.1.4844/nextflow run ../Genomics_MGC_VariantCalling_Nextflow/src/unit_tests/testBqsr.nf
Jan-11 17:12:01.861 [main] INFO  nextflow.cli.CmdRun - N E X T F L O W  ~  version 0.30.1
Jan-11 17:12:01.869 [main] INFO  nextflow.cli.CmdRun - Launching `../Genomics_MGC_VariantCalling_Nextflow/src/unit_tests/testBqsr.nf` [elated_bose] - revision: 644d64fecd
Jan-11 17:12:01.933 [main] DEBUG nextflow.Session - Session uuid: ef7c43af-54a2-4941-b240-9ec2ec2470d6
Jan-11 17:12:01.933 [main] DEBUG nextflow.Session - Run name: elated_bose
Jan-11 17:12:01.935 [main] DEBUG nextflow.Session - Executor pool size: 24
Jan-11 17:12:01.948 [main] DEBUG nextflow.cli.CmdRun - 
  Version: 0.30.1 build 4844
  Modified: 11-06-2018 08:29 UTC (08:29 GMT)
  System: Linux 2.6.32-754.6.3.el6.x86_64
  Runtime: Groovy 2.4.15 on Java HotSpot(TM) 64-Bit Server VM 1.8.0_131-b11
  Encoding: UTF-8 (ANSI_X3.4-1968)
  Process: 632@iforge.ncsa.illinois.edu [141.142.166.1]
  CPUs: 24 - Mem: 126.1 GB (90.1 GB) - Swap: 16 GB (16 GB)
Jan-11 17:12:02.005 [main] DEBUG nextflow.Session - Work-dir: /projects/bioinformatics/PrakruthiWork/Genomics_MGC_VariantCalling_Nextflow/work [gpfs]
Jan-11 17:12:02.006 [main] DEBUG nextflow.Session - Script base path does not exist or is not a directory: /projects/bioinformatics/PrakruthiWork/Genomics_MGC_VariantCalling_Nextflow/src/unit_tests/bin
Jan-11 17:12:02.089 [main] DEBUG nextflow.Session - Session start invoked
Jan-11 17:12:02.096 [main] DEBUG nextflow.processor.TaskDispatcher - Dispatcher > start
Jan-11 17:12:02.096 [main] DEBUG nextflow.script.ScriptRunner - > Script parsing
Jan-11 17:12:02.305 [main] DEBUG nextflow.script.ScriptRunner - > Launching execution
Jan-11 17:12:02.358 [main] DEBUG nextflow.processor.ProcessFactory - << taskConfig executor: null
Jan-11 17:12:02.358 [main] DEBUG nextflow.processor.ProcessFactory - >> processorType: 'local'
Jan-11 17:12:02.363 [main] DEBUG nextflow.executor.Executor - Initializing executor: local
Jan-11 17:12:02.364 [main] INFO  nextflow.executor.Executor - [warm up] executor > local
Jan-11 17:12:02.369 [main] DEBUG n.processor.LocalPollingMonitor - Creating local task monitor for executor 'local' > cpus=24; memory=126.1 GB; capacity=24; pollInterval=100ms; dumpInterval=5m
Jan-11 17:12:02.371 [main] DEBUG nextflow.processor.TaskDispatcher - Starting monitor: LocalPollingMonitor
Jan-11 17:12:02.372 [main] DEBUG n.processor.TaskPollingMonitor - >>> barrier register (monitor: local)
Jan-11 17:12:02.374 [main] DEBUG nextflow.executor.Executor - Invoke register for executor: local
Jan-11 17:12:02.426 [main] DEBUG nextflow.Session - >>> barrier register (process: testBqsr)
Jan-11 17:12:02.429 [main] DEBUG nextflow.processor.TaskProcessor - Creating operator > testBqsr -- maxForks: 24
Jan-11 17:12:02.461 [main] DEBUG nextflow.script.ScriptRunner - > Await termination 
Jan-11 17:12:02.461 [main] DEBUG nextflow.Session - Session await
Jan-11 17:12:02.650 [Task submitter] DEBUG nextflow.executor.LocalTaskHandler - Launch cmd line: /bin/bash -ue .command.run
Jan-11 17:12:02.654 [Task submitter] INFO  nextflow.Session - [a5/700266] Submitted process > testBqsr
Jan-11 17:12:09.449 [Task monitor] DEBUG n.processor.TaskPollingMonitor - Task completed > TaskHandler[id: 1; name: testBqsr; status: COMPLETED; exit: 0; error: -; workDir: /projects/bioinformatics/PrakruthiWork/Genomics_MGC_VariantCalling_Nextflow/work/a5/7002660e267f172b6b97fd68139750]
Jan-11 17:12:09.456 [Actor Thread 2] DEBUG nextflow.Session - <<< barrier arrive (process: testBqsr)
Jan-11 17:12:09.457 [main] DEBUG nextflow.Session - Session await > all process finished
Jan-11 17:12:09.544 [Task monitor] DEBUG n.processor.TaskPollingMonitor - <<< barrier arrives (monitor: local)
Jan-11 17:12:09.544 [main] DEBUG nextflow.Session - Session await > all barriers passed
Jan-11 17:12:09.555 [main] DEBUG nextflow.trace.StatsObserver - Workflow completed > WorkflowStats[succeedCount=1; failedCount=0; ignoredCount=0; cachedCount=0; succeedDuration=6.7s; failedDuration=0ms; cachedDuration=0ms]
Jan-11 17:12:09.563 [main] DEBUG nextflow.CacheDB - Closing CacheDB done
Jan-11 17:12:09.572 [main] DEBUG nextflow.script.ScriptRunner - > Execution complete -- Goodbye
