Jan-11 17:12:03.386 [main] DEBUG nextflow.cli.Launcher - $> /usr/local/apps/bioapps/nextflow/nextflow-0.30.1.4844/nextflow run /projects/bioinformatics/PrakruthiWork/Genomics_MGC_VariantCalling_Nextflow/src/nf_scripts/bqsr.nf -c /projects/bioinformatics/PrakruthiWork/nf_config/bqsr.config
Jan-11 17:12:03.449 [main] INFO  nextflow.cli.CmdRun - N E X T F L O W  ~  version 0.30.1
Jan-11 17:12:03.457 [main] INFO  nextflow.cli.CmdRun - Launching `/projects/bioinformatics/PrakruthiWork/Genomics_MGC_VariantCalling_Nextflow/src/nf_scripts/bqsr.nf` [awesome_venter] - revision: a7193e48df
Jan-11 17:12:03.470 [main] DEBUG nextflow.config.ConfigBuilder - User config file: /projects/bioinformatics/PrakruthiWork/nf_config/bqsr.config
Jan-11 17:12:03.471 [main] DEBUG nextflow.config.ConfigBuilder - Parsing config file: /projects/bioinformatics/PrakruthiWork/nf_config/bqsr.config
Jan-11 17:12:03.490 [main] DEBUG nextflow.config.ConfigBuilder - Applying config profile: `standard`
Jan-11 17:12:03.786 [main] DEBUG nextflow.Session - Session uuid: f14b67f6-e060-4621-aaaf-5f09f9085e9f
Jan-11 17:12:03.786 [main] DEBUG nextflow.Session - Run name: awesome_venter
Jan-11 17:12:03.787 [main] DEBUG nextflow.Session - Executor pool size: 24
Jan-11 17:12:03.799 [main] DEBUG nextflow.cli.CmdRun - 
  Version: 0.30.1 build 4844
  Modified: 11-06-2018 08:29 UTC (08:29 GMT)
  System: Linux 2.6.32-754.6.3.el6.x86_64
  Runtime: Groovy 2.4.15 on Java HotSpot(TM) 64-Bit Server VM 1.8.0_131-b11
  Encoding: UTF-8 (ANSI_X3.4-1968)
  Process: 841@iforge.ncsa.illinois.edu [141.142.166.1]
  CPUs: 24 - Mem: 126.1 GB (89.7 GB) - Swap: 16 GB (16 GB)
Jan-11 17:12:03.823 [main] DEBUG nextflow.Session - Work-dir: /projects/bioinformatics/PrakruthiWork/Genomics_MGC_VariantCalling_Nextflow/work/a5/7002660e267f172b6b97fd68139750/work [gpfs]
Jan-11 17:12:03.823 [main] DEBUG nextflow.Session - Script base path does not exist or is not a directory: /projects/bioinformatics/PrakruthiWork/Genomics_MGC_VariantCalling_Nextflow/src/nf_scripts/bin
Jan-11 17:12:03.912 [main] DEBUG nextflow.Session - Session start invoked
Jan-11 17:12:03.915 [main] DEBUG nextflow.processor.TaskDispatcher - Dispatcher > start
Jan-11 17:12:03.915 [main] DEBUG nextflow.script.ScriptRunner - > Script parsing
Jan-11 17:12:04.059 [main] DEBUG nextflow.script.ScriptRunner - > Launching execution
Jan-11 17:12:04.117 [main] DEBUG nextflow.processor.ProcessFactory - << taskConfig executor: null
Jan-11 17:12:04.117 [main] DEBUG nextflow.processor.ProcessFactory - >> processorType: 'local'
Jan-11 17:12:04.122 [main] DEBUG nextflow.executor.Executor - Initializing executor: local
Jan-11 17:12:04.124 [main] INFO  nextflow.executor.Executor - [warm up] executor > local
Jan-11 17:12:04.127 [main] DEBUG n.processor.LocalPollingMonitor - Creating local task monitor for executor 'local' > cpus=24; memory=126.1 GB; capacity=24; pollInterval=100ms; dumpInterval=5m
Jan-11 17:12:04.131 [main] DEBUG nextflow.processor.TaskDispatcher - Starting monitor: LocalPollingMonitor
Jan-11 17:12:04.131 [main] DEBUG n.processor.TaskPollingMonitor - >>> barrier register (monitor: local)
Jan-11 17:12:04.133 [main] DEBUG nextflow.executor.Executor - Invoke register for executor: local
Jan-11 17:12:04.263 [main] DEBUG nextflow.Session - >>> barrier register (process: BQSR)
Jan-11 17:12:04.266 [main] DEBUG nextflow.processor.TaskProcessor - Creating operator > BQSR -- maxForks: 24
Jan-11 17:12:04.302 [main] DEBUG nextflow.script.ScriptRunner - > Await termination 
Jan-11 17:12:04.303 [main] DEBUG nextflow.Session - Session await
Jan-11 17:12:04.401 [Task submitter] DEBUG nextflow.executor.LocalTaskHandler - Launch cmd line: /bin/bash -ue .command.run
Jan-11 17:12:04.406 [Task submitter] INFO  nextflow.Session - [b4/5718c5] Submitted process > BQSR
Jan-11 17:12:09.294 [Task monitor] DEBUG n.processor.TaskPollingMonitor - Task completed > TaskHandler[id: 1; name: BQSR; status: COMPLETED; exit: 0; error: -; workDir: /projects/bioinformatics/PrakruthiWork/Genomics_MGC_VariantCalling_Nextflow/work/a5/7002660e267f172b6b97fd68139750/work/b4/5718c59bca06f4c6498bcd70397d71]
Jan-11 17:12:09.303 [Actor Thread 2] DEBUG nextflow.Session - <<< barrier arrive (process: BQSR)
Jan-11 17:12:09.303 [main] DEBUG nextflow.Session - Session await > all process finished
Jan-11 17:12:09.388 [Task monitor] DEBUG n.processor.TaskPollingMonitor - <<< barrier arrives (monitor: local)
Jan-11 17:12:09.389 [main] DEBUG nextflow.Session - Session await > all barriers passed
Jan-11 17:12:09.399 [main] DEBUG nextflow.trace.StatsObserver - Workflow completed > WorkflowStats[succeedCount=1; failedCount=0; ignoredCount=0; cachedCount=0; succeedDuration=4.9s; failedDuration=0ms; cachedDuration=0ms]
Jan-11 17:12:09.407 [main] DEBUG nextflow.CacheDB - Closing CacheDB done
Jan-11 17:12:09.414 [main] DEBUG nextflow.script.ScriptRunner - > Execution complete -- Goodbye
