cmdline: /usr/local/apps/bioapps/sentieon/sentieon-genomics-201711.02/libexec/driver -t 8 -r Homo_sapiens_assembly38_chr20_21_22.fasta -i NextflowWorkflowPB.aligned.sorted.deduped.realigned.bam --algo QualCal -k /projects/bioinformatics/DataPacks/human/Hg38_chr20_21_22_simulated_data_Jan_2018/indels/Mills_and_1000G_gold_standard.indels.hg38.chr20.vcf -k /projects/bioinformatics/DataPacks/human/Hg38_chr20_21_22_simulated_data_Jan_2018/indels/Mills_and_1000G_gold_standard.indels.hg38.chr21.vcf -k /projects/bioinformatics/DataPacks/human/Hg38_chr20_21_22_simulated_data_Jan_2018/indels/Mills_and_1000G_gold_standard.indels.hg38.chr22.vcf NextflowWorkflowPB.recal_data.table
This software is licensed to lmainzer@life.illinois.edu by Sentieon Inc.
progress 5% @chr20:9000001, elapsed 0.0s, est remaining 0.3s, peak mem 19MB, user 0.0s, sys 0.0s, output queue size 8
progress 10% @chr20:16000001, elapsed 0.0s, est remaining 0.2s, peak mem 19MB, user 0.0s, sys 0.1s, output queue size 16
progress 15% @chr20:25000001, elapsed 0.0s, est remaining 0.2s, peak mem 19MB, user 0.0s, sys 0.1s, output queue size 24
progress 20% @chr20:34000001, elapsed 0.0s, est remaining 0.1s, peak mem 19MB, user 0.0s, sys 0.1s, output queue size 32
progress 25% @chr20:41000001, elapsed 0.0s, est remaining 0.1s, peak mem 19MB, user 0.1s, sys 0.1s, output queue size 40
progress 30% @chr20:47000001, elapsed 0.0s, est remaining 0.1s, peak mem 19MB, user 0.1s, sys 0.2s, output queue size 48
progress 35% @chr20:57000001, elapsed 0.0s, est remaining 0.1s, peak mem 19MB, user 0.1s, sys 0.2s, output queue size 56
progress 40% @chr20:63000001, elapsed 0.1s, est remaining 0.1s, peak mem 19MB, user 0.1s, sys 0.2s, output queue size 65
progress 45% @chr20:1, elapsed 0.1s, est remaining 0.1s, peak mem 19MB, user 0.1s, sys 0.3s, output queue size 73
progress 50% @chr21:16000001, elapsed 0.1s, est remaining 0.1s, peak mem 19MB, user 0.1s, sys 0.3s, output queue size 0
progress 55% @chr21:24000001, elapsed 0.1s, est remaining 0.1s, peak mem 19MB, user 0.2s, sys 0.3s, output queue size 0
progress 60% @chr21:32000001, elapsed 0.1s, est remaining 0.1s, peak mem 19MB, user 0.2s, sys 0.4s, output queue size 0
progress 65% @chr21:40000001, elapsed 0.1s, est remaining 0.0s, peak mem 19MB, user 0.2s, sys 0.4s, output queue size 0
progress 70% @chr22:3000001, elapsed 0.1s, est remaining 0.0s, peak mem 19MB, user 0.2s, sys 0.5s, output queue size 2
progress 75% @chr22:10000001, elapsed 0.1s, est remaining 0.0s, peak mem 19MB, user 0.2s, sys 0.5s, output queue size 0
progress 80% @chr22:17000001, elapsed 0.1s, est remaining 0.0s, peak mem 19MB, user 0.2s, sys 0.5s, output queue size 1
progress 85% @chr22:26000001, elapsed 0.1s, est remaining 0.0s, peak mem 19MB, user 0.2s, sys 0.6s, output queue size 0
progress 90% @chr22:34000001, elapsed 0.1s, est remaining 0.0s, peak mem 19MB, user 0.2s, sys 0.6s, output queue size 0
progress 95% @chr22:42000001, elapsed 0.1s, est remaining 0.0s, peak mem 19MB, user 0.2s, sys 0.7s, output queue size 0
progress 100% @chr22:49000001, elapsed 0.1s, est remaining 0.0s, peak mem 19MB, user 0.2s, sys 0.7s, output queue size 1
sw version: sentieon-genomics-201711.02
os version: Linux 2.6.32-754.6.3.el6.x86_64
cpu vendor: GenuineIntel
 signature: 000306f2
  features: bfebfbff 7ffefbff
  extended: 000037ab 00000000
  amd bits: 2c100800 00000021
     brand: Intel(R) Xeon(R) CPU E5-2680 v3 @ 2.50GHz
threads: 8 max 24
algo: QualCal
reads: 5000
input file size: 424822
contig: 3 intervals 161972618 bases
advance: 161974 calls 0.062 user 0.166 sys 0.226 real
done: 1 calls 0.000 user 0.000 sys 1.019 real
execute: 1 calls 0.000 user 0.000 sys 0.121 real
fetch_reads: 161974 calls 0.016 user 0.167 sys 0.210 real
fetch_ref: 64 calls 0.000 user 0.000 sys 0.000 real
fetch_vcf: 64 calls 0.001 user 0.000 sys 0.000 real
idle: 24 calls 0.000 user 0.006 sys 8.139 real
init: 1 calls 0.000 user 0.001 sys 0.006 real
update: 64 calls 0.035 user 0.000 sys 0.038 real
overall: 20172800 mem 0.283 user 0.735 sys 1.224 real
cmdline: /usr/local/apps/bioapps/sentieon/sentieon-genomics-201711.02/libexec/driver -t 8 -r Homo_sapiens_assembly38_chr20_21_22.fasta -i NextflowWorkflowPB.aligned.sorted.deduped.realigned.bam -q NextflowWorkflowPB.recal_data.table --algo QualCal -k /projects/bioinformatics/DataPacks/human/Hg38_chr20_21_22_simulated_data_Jan_2018/indels/Mills_and_1000G_gold_standard.indels.hg38.chr20.vcf -k /projects/bioinformatics/DataPacks/human/Hg38_chr20_21_22_simulated_data_Jan_2018/indels/Mills_and_1000G_gold_standard.indels.hg38.chr21.vcf -k /projects/bioinformatics/DataPacks/human/Hg38_chr20_21_22_simulated_data_Jan_2018/indels/Mills_and_1000G_gold_standard.indels.hg38.chr22.vcf NextflowWorkflowPB.recal_data.table.post
This software is licensed to lmainzer@life.illinois.edu by Sentieon Inc.
progress 5% @chr20:8000001, elapsed 0.0s, est remaining 0.6s, peak mem 20MB, user 0.0s, sys 0.0s, output queue size 8
progress 10% @chr20:16000001, elapsed 0.0s, est remaining 0.3s, peak mem 20MB, user 0.0s, sys 0.1s, output queue size 16
progress 15% @chr20:25000001, elapsed 0.0s, est remaining 0.2s, peak mem 20MB, user 0.0s, sys 0.1s, output queue size 24
progress 20% @chr20:33000001, elapsed 0.0s, est remaining 0.2s, peak mem 20MB, user 0.0s, sys 0.1s, output queue size 32
progress 25% @chr20:41000001, elapsed 0.1s, est remaining 0.2s, peak mem 20MB, user 0.0s, sys 0.2s, output queue size 40
progress 30% @chr20:50000001, elapsed 0.1s, est remaining 0.1s, peak mem 20MB, user 0.0s, sys 0.2s, output queue size 48
progress 35% @chr20:54000001, elapsed 0.1s, est remaining 0.1s, peak mem 20MB, user 0.0s, sys 0.2s, output queue size 56
progress 40% @chr21:1000001, elapsed 0.1s, est remaining 0.1s, peak mem 20MB, user 0.1s, sys 0.3s, output queue size 0
progress 45% @chr21:9000001, elapsed 0.1s, est remaining 0.1s, peak mem 20MB, user 0.1s, sys 0.3s, output queue size 0
progress 50% @chr21:18000001, elapsed 0.1s, est remaining 0.1s, peak mem 20MB, user 0.1s, sys 0.3s, output queue size 0
progress 55% @chr21:25000001, elapsed 0.1s, est remaining 0.1s, peak mem 20MB, user 0.1s, sys 0.4s, output queue size 1
progress 60% @chr21:33000001, elapsed 0.1s, est remaining 0.1s, peak mem 20MB, user 0.1s, sys 0.4s, output queue size 2
progress 65% @chr21:37000001, elapsed 0.1s, est remaining 0.1s, peak mem 20MB, user 0.1s, sys 0.5s, output queue size 3
progress 70% @chr22:3000001, elapsed 0.1s, est remaining 0.0s, peak mem 20MB, user 0.2s, sys 0.5s, output queue size 2
progress 75% @chr22:11000001, elapsed 0.1s, est remaining 0.0s, peak mem 20MB, user 0.2s, sys 0.5s, output queue size 0
progress 80% @chr22:16000001, elapsed 0.1s, est remaining 0.0s, peak mem 20MB, user 0.2s, sys 0.6s, output queue size 2
progress 85% @chr22:27000001, elapsed 0.1s, est remaining 0.0s, peak mem 20MB, user 0.2s, sys 0.6s, output queue size 0
progress 90% @chr22:33000001, elapsed 0.1s, est remaining 0.0s, peak mem 20MB, user 0.2s, sys 0.7s, output queue size 1
progress 95% @chr22:42000001, elapsed 0.1s, est remaining 0.0s, peak mem 20MB, user 0.2s, sys 0.7s, output queue size 0
progress 100% @chr22:50000001, elapsed 0.1s, est remaining 0.0s, peak mem 20MB, user 0.2s, sys 0.7s, output queue size 0
sw version: sentieon-genomics-201711.02
os version: Linux 2.6.32-754.6.3.el6.x86_64
cpu vendor: GenuineIntel
 signature: 000306f2
  features: bfebfbff 7ffefbff
  extended: 000037ab 00000000
  amd bits: 2c100800 00000021
     brand: Intel(R) Xeon(R) CPU E5-2680 v3 @ 2.50GHz
threads: 8 max 24
algo: QualCal
reads: 5000
input file size: 424822
contig: 3 intervals 161972618 bases
ReadQualCal::clearEPSVecOne: 1 calls 0.003 user 0.000 sys 0.004 real
ReadQualCal::delayed_init: 1 calls 0.004 user 0.000 sys 0.005 real
ReadQualCal::init: 1 calls 0.008 user 0.000 sys 0.008 real
advance: 161974 calls 0.060 user 0.195 sys 0.229 real
done: 1 calls 0.000 user 0.000 sys 1.007 real
execute: 1 calls 0.000 user 0.000 sys 0.132 real
fetch_reads: 161974 calls 0.024 user 0.165 sys 0.207 real
fetch_ref: 64 calls 0.000 user 0.000 sys 0.000 real
fetch_vcf: 64 calls 0.001 user 0.000 sys 0.000 real
idle: 25 calls 0.000 user 0.000 sys 8.055 real
init: 1 calls 0.000 user 0.000 sys 0.010 real
update: 64 calls 0.020 user 0.001 sys 0.036 real
overall: 21446656 mem 0.257 user 0.752 sys 1.203 real
cmdline: /usr/local/apps/bioapps/sentieon/sentieon-genomics-201711.02/libexec/driver -t 8 --algo QualCal --plot --before NextflowWorkflowPB.recal_data.table --after NextflowWorkflowPB.recal_data.table.post NextflowWorkflowPB.recal.csv
This software is licensed to lmainzer@life.illinois.edu by Sentieon Inc.
sw version: sentieon-genomics-201711.02
os version: Linux 2.6.32-754.6.3.el6.x86_64
cpu vendor: GenuineIntel
 signature: 000306f2
  features: bfebfbff 7ffefbff
  extended: 000037ab 00000000
  amd bits: 2c100800 00000021
     brand: Intel(R) Xeon(R) CPU E5-2680 v3 @ 2.50GHz
threads: 8 max 24
algo: QualCal
reads: 0
ReadQualCal::init: 2 calls 0.009 user 0.000 sys 0.010 real
done: 1 calls 0.017 user 0.002 sys 0.022 real
idle: 0 calls 0.000 user 0.000 sys 0.000 real
init: 1 calls 0.000 user 0.000 sys 0.000 real
overall: 9531392 mem 0.070 user 0.015 sys 0.058 real
